<?xml version="1.0" encoding="utf-8"?><testsuites name="pytest tests"><testsuite name="pytest" errors="0" failures="0" skipped="0" tests="22" time="13.372" timestamp="2026-06-29T14:50:33.852389+00:00" hostname="agent-env-8133502f-9ad4-4e47-ab5d-b626fcea7f88"><testcase classname="backend.tests.test_phase2_rbac_archive.TestAuthMe" name="test_me_returns_role_caps_perms" time="0.836" /><testcase classname="backend.tests.test_phase2_rbac_archive.TestRolesMeta" name="test_roles_endpoint" time="0.109" /><testcase classname="backend.tests.test_phase2_rbac_archive.TestUsersCRUD" name="test_list_users_as_admin" time="0.097" /><testcase classname="backend.tests.test_phase2_rbac_archive.TestUsersCRUD" name="test_guest_unlimited" time="1.752" /><testcase classname="backend.tests.test_phase2_rbac_archive.TestUsersCRUD" name="test_author_capped_at_3" time="1.395" /><testcase classname="backend.tests.test_phase2_rbac_archive.TestUsersCRUD" name="test_primary_admin_protected" time="0.408" /><testcase classname="backend.tests.test_phase2_rbac_archive.TestUsersCRUD" name="test_put_user_changes" time="0.869" /><testcase classname="backend.tests.test_phase2_rbac_archive.TestUsersCRUD" name="test_admin_reset_password" time="1.413" /><testcase classname="backend.tests.test_phase2_rbac_archive.TestRBACEnforcement" name="test_author_cannot_list_users" time="0.771" /><testcase classname="backend.tests.test_phase2_rbac_archive.TestRBACEnforcement" name="test_guest_cannot_list_users" time="0.750" /><testcase classname="backend.tests.test_phase2_rbac_archive.TestRBACEnforcement" name="test_author_cannot_archive" time="0.224" /><testcase classname="backend.tests.test_phase2_rbac_archive.TestRBACEnforcement" name="test_guest_cannot_archive" time="0.115" /><testcase classname="backend.tests.test_phase2_rbac_archive.TestRBACEnforcement" name="test_author_me_caps" time="0.360" /><testcase classname="backend.tests.test_phase2_rbac_archive.TestBulkWhatsApp" name="test_bulk_pending_shape" time="0.107" /><testcase classname="backend.tests.test_phase2_rbac_archive.TestArchive" name="test_archive_status" time="0.226" /><testcase classname="backend.tests.test_phase2_rbac_archive.TestArchive" name="test_backup_falls_back_to_mongodb" time="0.488" /><testcase classname="backend.tests.test_phase2_rbac_archive.TestArchive" name="test_restore_idempotent" time="1.899" /><testcase classname="backend.tests.test_phase2_rbac_archive.TestRegression" name="test_dashboard_summary" time="0.137" /><testcase classname="backend.tests.test_phase2_rbac_archive.TestRegression" name="test_pending_fees" time="0.098" /><testcase classname="backend.tests.test_phase2_rbac_archive.TestRegression" name="test_financial_years" time="0.112" /><testcase classname="backend.tests.test_phase2_rbac_archive.TestRegression" name="test_reports_pdf" time="0.806" /><testcase classname="backend.tests.test_phase2_rbac_archive.TestRegression" name="test_reports_excel" time="0.297" /></testsuite></testsuites>