<?xml version="1.0" encoding="utf-8"?><testsuites name="pytest tests"><testsuite name="pytest" errors="0" failures="0" skipped="0" tests="15" time="8.397" timestamp="2026-06-29T13:18:48.167214+00:00" hostname="agent-env-8133502f-9ad4-4e47-ab5d-b626fcea7f88"><testcase classname="backend.tests.test_busfee_api.TestHealth" name="test_root" time="0.316" /><testcase classname="backend.tests.test_busfee_api.TestAuth" name="test_login_success" time="0.372" /><testcase classname="backend.tests.test_busfee_api.TestAuth" name="test_login_invalid" time="0.360" /><testcase classname="backend.tests.test_busfee_api.TestAuth" name="test_me_requires_auth" time="0.131" /><testcase classname="backend.tests.test_busfee_api.TestAuth" name="test_me_with_token" time="0.539" /><testcase classname="backend.tests.test_busfee_api.TestAuth" name="test_forgot_password_and_verify_reset" time="3.581" /><testcase classname="backend.tests.test_busfee_api.TestSchools" name="test_list" time="0.160" /><testcase classname="backend.tests.test_busfee_api.TestSchools" name="test_crud_school" time="0.528" /><testcase classname="backend.tests.test_busfee_api.TestStudentsAndPayments" name="test_create_list_student" time="1.531" /><testcase classname="backend.tests.test_busfee_api.TestStudentsAndPayments" name="test_invalid_school_id" time="0.198" /><testcase classname="backend.tests.test_busfee_api.TestDashboard" name="test_summary" time="0.106" /><testcase classname="backend.tests.test_busfee_api.TestDashboard" name="test_by_school" time="0.112" /><testcase classname="backend.tests.test_busfee_api.TestReports" name="test_csv" time="0.113" /><testcase classname="backend.tests.test_busfee_api.TestReports" name="test_html" time="0.103" /><testcase classname="backend.tests.test_busfee_api.TestReports" name="test_csv_status_filter" time="0.100" /></testsuite></testsuites>