<?xml version="1.0" encoding="utf-8"?><testsuites name="pytest tests"><testsuite name="pytest" errors="0" failures="0" skipped="0" tests="22" time="10.209" timestamp="2026-06-29T14:00:31.749565+00:00" hostname="agent-env-8133502f-9ad4-4e47-ab5d-b626fcea7f88"><testcase classname="backend.tests.test_busfee_api.TestHealth" name="test_root" time="0.320" /><testcase classname="backend.tests.test_busfee_api.TestAuth" name="test_login_new_admin" time="0.375" /><testcase classname="backend.tests.test_busfee_api.TestAuth" name="test_old_admin_removed" time="0.144" /><testcase classname="backend.tests.test_busfee_api.TestAuth" name="test_login_invalid" time="0.320" /><testcase classname="backend.tests.test_busfee_api.TestAuth" name="test_me_requires_auth" time="0.158" /><testcase classname="backend.tests.test_busfee_api.TestAuth" name="test_me_with_token" time="0.468" /><testcase classname="backend.tests.test_busfee_api.TestAuth" name="test_forgot_password_otp_cycle" time="3.662" /><testcase classname="backend.tests.test_busfee_api.TestFinancialYears" name="test_fy_list" time="0.094" /><testcase classname="backend.tests.test_busfee_api.TestSchools" name="test_list" time="0.100" /><testcase classname="backend.tests.test_busfee_api.TestSchools" name="test_crud_school" time="0.690" /><testcase classname="backend.tests.test_busfee_api.TestStudentsPaymentsPending" name="test_full_workflow" time="1.299" /><testcase classname="backend.tests.test_busfee_api.TestStudentsPaymentsPending" name="test_invalid_school_id" time="0.222" /><testcase classname="backend.tests.test_busfee_api.TestFYFilter" name="test_dashboard_fy" time="1.014" /><testcase classname="backend.tests.test_busfee_api.TestReports" name="test_pdf_header_auth" time="0.159" /><testcase classname="backend.tests.test_busfee_api.TestReports" name="test_pdf_token_query" time="0.101" /><testcase classname="backend.tests.test_busfee_api.TestReports" name="test_pdf_no_auth" time="0.103" /><testcase classname="backend.tests.test_busfee_api.TestReports" name="test_excel_header_auth" time="0.251" /><testcase classname="backend.tests.test_busfee_api.TestReports" name="test_excel_token_query" time="0.156" /><testcase classname="backend.tests.test_busfee_api.TestReports" name="test_pdf_with_filters" time="0.102" /><testcase classname="backend.tests.test_busfee_api.TestReports" name="test_csv_still_works" time="0.122" /><testcase classname="backend.tests.test_busfee_api.TestDashboard" name="test_summary" time="0.111" /><testcase classname="backend.tests.test_busfee_api.TestDashboard" name="test_by_school" time="0.126" /></testsuite></testsuites>